  ImageCorpus.cpp
C:\Users\Patrick\source\repos\Digital-Image-Processing-Projects\ImageCorpus\ImageCorpus\ImageCorpus.cpp(19,1): warning C4005: 'MAX_PATH': macro redefinition
C:\Program Files (x86)\Windows Kits\10\Include\10.0.18362.0\shared\minwindef.h(60): message : see previous definition of 'MAX_PATH'
C:\Users\Patrick\source\repos\Digital-Image-Processing-Projects\ImageCorpus\ImageCorpus\ImageCorpus.cpp(224,6): warning C4101: 'key': unreferenced local variable
C:\Users\Patrick\source\repos\Digital-Image-Processing-Projects\ImageCorpus\ImageCorpus\ImageCorpus.cpp(324,58): warning C4244: '=': conversion from 'double' to 'int', possible loss of data
C:\Users\Patrick\source\repos\Digital-Image-Processing-Projects\ImageCorpus\ImageCorpus\ImageCorpus.cpp(331,58): warning C4244: '=': conversion from 'double' to 'int', possible loss of data
C:\Users\Patrick\source\repos\Digital-Image-Processing-Projects\ImageCorpus\ImageCorpus\ImageCorpus.cpp(339,28): warning C4244: '=': conversion from 'double' to 'int', possible loss of data
C:\Users\Patrick\source\repos\Digital-Image-Processing-Projects\ImageCorpus\ImageCorpus\ImageCorpus.cpp(345,28): warning C4244: '=': conversion from 'double' to 'int', possible loss of data
C:\Users\Patrick\source\repos\Digital-Image-Processing-Projects\ImageCorpus\ImageCorpus\ImageCorpus.cpp(355,57): warning C4244: '=': conversion from 'double' to 'int', possible loss of data
C:\Users\Patrick\source\repos\Digital-Image-Processing-Projects\ImageCorpus\ImageCorpus\ImageCorpus.cpp(360,69): warning C4244: '=': conversion from 'double' to 'int', possible loss of data
C:\Users\Patrick\source\repos\Digital-Image-Processing-Projects\ImageCorpus\ImageCorpus\ImageCorpus.cpp(368,27): warning C4244: '=': conversion from 'double' to 'int', possible loss of data
C:\Users\Patrick\source\repos\Digital-Image-Processing-Projects\ImageCorpus\ImageCorpus\ImageCorpus.cpp(373,27): warning C4244: '=': conversion from 'double' to 'int', possible loss of data
C:\Users\Patrick\source\repos\Digital-Image-Processing-Projects\ImageCorpus\ImageCorpus\ImageCorpus.cpp(385,57): warning C4244: '=': conversion from 'double' to 'int', possible loss of data
C:\Users\Patrick\source\repos\Digital-Image-Processing-Projects\ImageCorpus\ImageCorpus\ImageCorpus.cpp(390,57): warning C4244: '=': conversion from 'double' to 'int', possible loss of data
C:\Users\Patrick\source\repos\Digital-Image-Processing-Projects\ImageCorpus\ImageCorpus\ImageCorpus.cpp(397,27): warning C4244: '=': conversion from 'double' to 'int', possible loss of data
C:\Users\Patrick\source\repos\Digital-Image-Processing-Projects\ImageCorpus\ImageCorpus\ImageCorpus.cpp(401,27): warning C4244: '=': conversion from 'double' to 'int', possible loss of data
C:\Users\Patrick\source\repos\Digital-Image-Processing-Projects\ImageCorpus\ImageCorpus\ImageCorpus.cpp(296,17): warning C4101: 'direntp': unreferenced local variable
C:\Users\Patrick\source\repos\Digital-Image-Processing-Projects\ImageCorpus\ImageCorpus\ImageCorpus.cpp(297,7): warning C4101: 'dirp': unreferenced local variable
C:\Users\Patrick\source\repos\Digital-Image-Processing-Projects\ImageCorpus\ImageCorpus\ImageCorpus.cpp(298,14): warning C4101: 'statbuf': unreferenced local variable
  ImageCorpus.vcxproj -> C:\Users\Patrick\source\repos\Digital-Image-Processing-Projects\ImageCorpus\x64\Debug\ImageCorpus.exe
